<?xml version="1.0" encoding="UTF-8" ?>
<testsuite errors="1" failures="0" hostname="WWW-ACA54C7DCC2" name="com.modbus.util.modbusToolTest" tests="1" time="0.218" timestamp="2008-12-28T05:53:57">
  <properties>
[...]
</properties>
  <testcase classname="com.modbus.util.modbusToolTest" name="testRunmodbus" time="0.063">
    <error message="expected:&lt;[12]&gt; but was:&lt;[寄存器0 = 12；
]&gt;" type="org.junit.ComparisonFailure">]&gt;
	at com.modbus.util.modbusToolTest.testRunmodbus(modbusToolTest.java:51)
</error>
  </testcase>
  <system-out><![CDATA[runmodbus
]]></system-out>
  <system-err><![CDATA[]]></system-err>
</testsuite>
